# JRE version: OpenJDK Runtime Environment (17.0.6) (build 17.0.6+0-b2043.56-9586694)
# Java VM: OpenJDK 64-Bit Server VM (17.0.6+0-b2043.56-9586694, mixed mode, tiered, compressed oops, compressed class ptrs, g1 gc, windows-amd64)
GC Precious Log:
 CPUs: 4 total, 4 available
 Memory: 3954M
 Large Page Support: Disabled
 NUMA Support: Disabled
 Compressed Oops: Enabled (Zero based)
 Heap Region Size: 2M
 Heap Min Capacity: 8M
 Heap Initial Capacity: 62M
 Heap Max Capacity: 4G
 Pre-touch: Disabled
 Parallel Workers: 4
 Concurrent Workers: 1
 Concurrent Refinement Workers: 4
 Periodic GC: Disabled
Heap:
 garbage-first heap   total 458752K, used 217762K [0x0000000700000000, 0x0000000800000000)
  region size 2048K, 12 young (24576K), 7 survivors (14336K)
 Metaspace       used 158047K, committed 159360K, reserved 1187840K
  class space    used 21154K, committed 21760K, reserved 1048576K
GC Heap History (20 events):
Event: 5089.932 GC heap before
{Heap before GC invocations=102 (full 0):
 garbage-first heap   total 458752K, used 368248K [0x0000000700000000, 0x0000000800000000)
  region size 2048K, 66 young (135168K), 1 survivors (2048K)
 Metaspace       used 128220K, committed 129280K, reserved 1163264K
  class space    used 17106K, committed 17600K, reserved 1048576K
}
Event: 5089.935 GC heap after
{Heap after GC invocations=103 (full 0):
 garbage-first heap   total 458752K, used 237176K [0x0000000700000000, 0x0000000800000000)
  region size 2048K, 2 young (4096K), 2 survivors (4096K)
 Metaspace       used 128220K, committed 129280K, reserved 1163264K
  class space    used 17106K, committed 17600K, reserved 1048576K
}
Event: 5104.529 GC heap before
{Heap before GC invocations=104 (full 0):
 garbage-first heap   total 458752K, used 325240K [0x0000000700000000, 0x0000000800000000)
  region size 2048K, 69 young (141312K), 2 survivors (4096K)
 Metaspace       used 138450K, committed 139520K, reserved 1171456K
  class space    used 18349K, committed 18816K, reserved 1048576K
}
Event: 5104.543 GC heap after
{Heap after GC invocations=105 (full 0):
 garbage-first heap   total 458752K, used 145758K [0x0000000700000000, 0x0000000800000000)
  region size 2048K, 5 young (10240K), 5 survivors (10240K)
 Metaspace       used 138450K, committed 139520K, reserved 1171456K
  class space    used 18349K, committed 18816K, reserved 1048576K
}
Event: 5105.176 GC heap before
{Heap before GC invocations=105 (full 0):
 garbage-first heap   total 458752K, used 155998K [0x0000000700000000, 0x0000000800000000)
  region size 2048K, 11 young (22528K), 5 survivors (10240K)
 Metaspace       used 138461K, committed 139520K, reserved 1171456K
  class space    used 18349K, committed 18816K, reserved 1048576K
}
Event: 5105.203 GC heap after
{Heap after GC invocations=106 (full 0):
 garbage-first heap   total 458752K, used 139368K [0x0000000700000000, 0x0000000800000000)
  region size 2048K, 1 young (2048K), 1 survivors (2048K)
 Metaspace       used 138461K, committed 139520K, reserved 1171456K
  class space    used 18349K, committed 18816K, reserved 1048576K
}
Event: 5107.713 GC heap before
{Heap before GC invocations=106 (full 0):
 garbage-first heap   total 458752K, used 170088K [0x0000000700000000, 0x0000000800000000)
  region size 2048K, 17 young (34816K), 1 survivors (2048K)
 Metaspace       used 138885K, committed 139904K, reserved 1171456K
  class space    used 18407K, committed 18880K, reserved 1048576K
}
Event: 5107.721 GC heap after
{Heap after GC invocations=107 (full 0):
 garbage-first heap   total 458752K, used 140011K [0x0000000700000000, 0x0000000800000000)
  region size 2048K, 1 young (2048K), 1 survivors (2048K)
 Metaspace       used 138885K, committed 139904K, reserved 1171456K
  class space    used 18407K, committed 18880K, reserved 1048576K
}
Event: 5158.767 GC heap before
{Heap before GC invocations=108 (full 0):
 garbage-first heap   total 458752K, used 393963K [0x0000000700000000, 0x0000000800000000)
  region size 2048K, 110 young (225280K), 1 survivors (2048K)
 Metaspace       used 156865K, committed 158080K, reserved 1187840K
  class space    used 21046K, committed 21632K, reserved 1048576K
}
Event: 5158.846 GC heap after
{Heap after GC invocations=109 (full 0):
 garbage-first heap   total 458752K, used 178855K [0x0000000700000000, 0x0000000800000000)
  region size 2048K, 13 young (26624K), 13 survivors (26624K)
 Metaspace       used 156865K, committed 158080K, reserved 1187840K
  class space    used 21046K, committed 21632K, reserved 1048576K
}
Event: 5159.070 GC heap before
{Heap before GC invocations=109 (full 0):
 garbage-first heap   total 458752K, used 180903K [0x0000000700000000, 0x0000000800000000)
  region size 2048K, 14 young (28672K), 13 survivors (26624K)
 Metaspace       used 156873K, committed 158080K, reserved 1187840K
  class space    used 21047K, committed 21632K, reserved 1048576K
}
Event: 5159.158 GC heap after
{Heap after GC invocations=110 (full 0):
 garbage-first heap   total 458752K, used 173063K [0x0000000700000000, 0x0000000800000000)
  region size 2048K, 2 young (4096K), 2 survivors (4096K)
 Metaspace       used 156873K, committed 158080K, reserved 1187840K
  class space    used 21047K, committed 21632K, reserved 1048576K
}
Event: 5172.593 GC heap before
{Heap before GC invocations=110 (full 0):
 garbage-first heap   total 458752K, used 314375K [0x0000000700000000, 0x0000000800000000)
  region size 2048K, 73 young (149504K), 2 survivors (4096K)
 Metaspace       used 157239K, committed 158464K, reserved 1187840K
  class space    used 21053K, committed 21632K, reserved 1048576K
}
Event: 5172.669 GC heap after
{Heap after GC invocations=111 (full 0):
 garbage-first heap   total 458752K, used 204032K [0x0000000700000000, 0x0000000800000000)
  region size 2048K, 12 young (24576K), 12 survivors (24576K)
 Metaspace       used 157239K, committed 158464K, reserved 1187840K
  class space    used 21053K, committed 21632K, reserved 1048576K
}
Event: 5184.596 GC heap before
{Heap before GC invocations=112 (full 0):
 garbage-first heap   total 458752K, used 423168K [0x0000000700000000, 0x0000000800000000)
  region size 2048K, 38 young (77824K), 12 survivors (24576K)
 Metaspace       used 157310K, committed 158528K, reserved 1187840K
  class space    used 21054K, committed 21632K, reserved 1048576K
}
Event: 5184.657 GC heap after
{Heap after GC invocations=113 (full 0):
 garbage-first heap   total 458752K, used 210686K [0x0000000700000000, 0x0000000800000000)
  region size 2048K, 2 young (4096K), 2 survivors (4096K)
 Metaspace       used 157310K, committed 158528K, reserved 1187840K
  class space    used 21054K, committed 21632K, reserved 1048576K
}
Event: 5418.658 GC heap before
{Heap before GC invocations=113 (full 0):
 garbage-first heap   total 458752K, used 239358K [0x0000000700000000, 0x0000000800000000)
  region size 2048K, 11 young (22528K), 2 survivors (4096K)
 Metaspace       used 157400K, committed 158592K, reserved 1187840K
  class space    used 21066K, committed 21632K, reserved 1048576K
}
Event: 5419.067 GC heap after
{Heap after GC invocations=114 (full 0):
 garbage-first heap   total 458752K, used 194569K [0x0000000700000000, 0x0000000800000000)
  region size 2048K, 1 young (2048K), 1 survivors (2048K)
 Metaspace       used 157400K, committed 158592K, reserved 1187840K
  class space    used 21066K, committed 21632K, reserved 1048576K
}
Event: 5455.863 GC heap before
{Heap before GC invocations=114 (full 0):
 garbage-first heap   total 458752K, used 303113K [0x0000000700000000, 0x0000000800000000)
  region size 2048K, 55 young (112640K), 1 survivors (2048K)
 Metaspace       used 158047K, committed 159360K, reserved 1187840K
  class space    used 21154K, committed 21760K, reserved 1048576K
}
Event: 5455.994 GC heap after
{Heap after GC invocations=115 (full 0):
 garbage-first heap   total 458752K, used 209570K [0x0000000700000000, 0x0000000800000000)
  region size 2048K, 7 young (14336K), 7 survivors (14336K)
 Metaspace       used 158047K, committed 159360K, reserved 1187840K
  class space    used 21154K, committed 21760K, reserved 1048576K
}

