# JRE version: OpenJDK Runtime Environment (17.0.6) (build 17.0.6+0-b2043.56-9586694)
# Java VM: OpenJDK 64-Bit Server VM (17.0.6+0-b2043.56-9586694, mixed mode, tiered, compressed oops, compressed class ptrs, g1 gc, windows-amd64)
GC Precious Log:
 CPUs: 4 total, 4 available
 Memory: 3954M
 Large Page Support: Disabled
 NUMA Support: Disabled
 Compressed Oops: Enabled (Zero based)
 Heap Region Size: 2M
 Heap Min Capacity: 8M
 Heap Initial Capacity: 62M
 Heap Max Capacity: 4G
 Pre-touch: Disabled
 Parallel Workers: 4
 Concurrent Workers: 1
 Concurrent Refinement Workers: 4
 Periodic GC: Disabled
Heap:
 garbage-first heap   total 256000K, used 150387K [0x0000000700000000, 0x0000000800000000)
  region size 2048K, 33 young (67584K), 7 survivors (14336K)
 Metaspace       used 101245K, committed 102080K, reserved 1138688K
  class space    used 13982K, committed 14336K, reserved 1048576K
GC Heap History (20 events):
Event: 38.965 GC heap before
{Heap before GC invocations=33 (full 0):
 garbage-first heap   total 124928K, used 99061K [0x0000000700000000, 0x0000000800000000)
  region size 2048K, 17 young (34816K), 2 survivors (4096K)
 Metaspace       used 80921K, committed 81472K, reserved 1122304K
  class space    used 10939K, committed 11200K, reserved 1048576K
}
Event: 38.978 GC heap after
{Heap after GC invocations=34 (full 0):
 garbage-first heap   total 124928K, used 71485K [0x0000000700000000, 0x0000000800000000)
  region size 2048K, 3 young (6144K), 3 survivors (6144K)
 Metaspace       used 80921K, committed 81472K, reserved 1122304K
  class space    used 10939K, committed 11200K, reserved 1048576K
}
Event: 39.543 GC heap before
{Heap before GC invocations=35 (full 0):
 garbage-first heap   total 143360K, used 98109K [0x0000000700000000, 0x0000000800000000)
  region size 2048K, 16 young (32768K), 3 survivors (6144K)
 Metaspace       used 81177K, committed 81792K, reserved 1122304K
  class space    used 10986K, committed 11264K, reserved 1048576K
}
Event: 39.556 GC heap after
{Heap after GC invocations=36 (full 0):
 garbage-first heap   total 143360K, used 72908K [0x0000000700000000, 0x0000000800000000)
  region size 2048K, 1 young (2048K), 1 survivors (2048K)
 Metaspace       used 81177K, committed 81792K, reserved 1122304K
  class space    used 10986K, committed 11264K, reserved 1048576K
}
Event: 39.631 GC heap before
{Heap before GC invocations=36 (full 0):
 garbage-first heap   total 143360K, used 77004K [0x0000000700000000, 0x0000000800000000)
  region size 2048K, 3 young (6144K), 1 survivors (2048K)
 Metaspace       used 81177K, committed 81792K, reserved 1122304K
  class space    used 10986K, committed 11264K, reserved 1048576K
}
Event: 39.637 GC heap after
{Heap after GC invocations=37 (full 0):
 garbage-first heap   total 143360K, used 71952K [0x0000000700000000, 0x0000000800000000)
  region size 2048K, 1 young (2048K), 1 survivors (2048K)
 Metaspace       used 81177K, committed 81792K, reserved 1122304K
  class space    used 10986K, committed 11264K, reserved 1048576K
}
Event: 40.564 GC heap before
{Heap before GC invocations=37 (full 0):
 garbage-first heap   total 143360K, used 114960K [0x0000000700000000, 0x0000000800000000)
  region size 2048K, 22 young (45056K), 1 survivors (2048K)
 Metaspace       used 81724K, committed 82368K, reserved 1122304K
  class space    used 11050K, committed 11328K, reserved 1048576K
}
Event: 40.573 GC heap after
{Heap after GC invocations=38 (full 0):
 garbage-first heap   total 143360K, used 75401K [0x0000000700000000, 0x0000000800000000)
  region size 2048K, 2 young (4096K), 2 survivors (4096K)
 Metaspace       used 81724K, committed 82368K, reserved 1122304K
  class space    used 11050K, committed 11328K, reserved 1048576K
}
Event: 42.258 GC heap before
{Heap before GC invocations=39 (full 0):
 garbage-first heap   total 143360K, used 116361K [0x0000000700000000, 0x0000000800000000)
  region size 2048K, 22 young (45056K), 2 survivors (4096K)
 Metaspace       used 86072K, committed 86656K, reserved 1130496K
  class space    used 11842K, committed 12096K, reserved 1048576K
}
Event: 42.271 GC heap after
{Heap after GC invocations=40 (full 0):
 garbage-first heap   total 143360K, used 77985K [0x0000000700000000, 0x0000000800000000)
  region size 2048K, 2 young (4096K), 2 survivors (4096K)
 Metaspace       used 86072K, committed 86656K, reserved 1130496K
  class space    used 11842K, committed 12096K, reserved 1048576K
}
Event: 43.457 GC heap before
{Heap before GC invocations=40 (full 0):
 garbage-first heap   total 143360K, used 116897K [0x0000000700000000, 0x0000000800000000)
  region size 2048K, 21 young (43008K), 2 survivors (4096K)
 Metaspace       used 88254K, committed 88832K, reserved 1130496K
  class space    used 12153K, committed 12416K, reserved 1048576K
}
Event: 43.471 GC heap after
{Heap after GC invocations=41 (full 0):
 garbage-first heap   total 143360K, used 81811K [0x0000000700000000, 0x0000000800000000)
  region size 2048K, 3 young (6144K), 3 survivors (6144K)
 Metaspace       used 88254K, committed 88832K, reserved 1130496K
  class space    used 12153K, committed 12416K, reserved 1048576K
}
Event: 44.928 GC heap before
{Heap before GC invocations=42 (full 0):
 garbage-first heap   total 153600K, used 114579K [0x0000000700000000, 0x0000000800000000)
  region size 2048K, 20 young (40960K), 3 survivors (6144K)
 Metaspace       used 89560K, committed 90176K, reserved 1130496K
  class space    used 12331K, committed 12608K, reserved 1048576K
}
Event: 44.949 GC heap after
{Heap after GC invocations=43 (full 0):
 garbage-first heap   total 153600K, used 85880K [0x0000000700000000, 0x0000000800000000)
  region size 2048K, 2 young (4096K), 2 survivors (4096K)
 Metaspace       used 89560K, committed 90176K, reserved 1130496K
  class space    used 12331K, committed 12608K, reserved 1048576K
}
Event: 45.056 GC heap before
{Heap before GC invocations=43 (full 0):
 garbage-first heap   total 153600K, used 87928K [0x0000000700000000, 0x0000000800000000)
  region size 2048K, 3 young (6144K), 2 survivors (4096K)
 Metaspace       used 89660K, committed 90368K, reserved 1130496K
  class space    used 12350K, committed 12672K, reserved 1048576K
}
Event: 45.069 GC heap after
{Heap after GC invocations=44 (full 0):
 garbage-first heap   total 153600K, used 85645K [0x0000000700000000, 0x0000000800000000)
  region size 2048K, 1 young (2048K), 1 survivors (2048K)
 Metaspace       used 89660K, committed 90368K, reserved 1130496K
  class space    used 12350K, committed 12672K, reserved 1048576K
}
Event: 47.183 GC heap before
{Heap before GC invocations=44 (full 0):
 garbage-first heap   total 153600K, used 122509K [0x0000000700000000, 0x0000000800000000)
  region size 2048K, 19 young (38912K), 1 survivors (2048K)
 Metaspace       used 91552K, committed 92224K, reserved 1130496K
  class space    used 12655K, committed 12928K, reserved 1048576K
}
Event: 47.199 GC heap after
{Heap after GC invocations=45 (full 0):
 garbage-first heap   total 256000K, used 92160K [0x0000000700000000, 0x0000000800000000)
  region size 2048K, 3 young (6144K), 3 survivors (6144K)
 Metaspace       used 91552K, committed 92224K, reserved 1130496K
  class space    used 12655K, committed 12928K, reserved 1048576K
}
Event: 53.740 GC heap before
{Heap before GC invocations=46 (full 0):
 garbage-first heap   total 256000K, used 198656K [0x0000000700000000, 0x0000000800000000)
  region size 2048K, 55 young (112640K), 3 survivors (6144K)
 Metaspace       used 99388K, committed 100160K, reserved 1138688K
  class space    used 13760K, committed 14080K, reserved 1048576K
}
Event: 53.777 GC heap after
{Heap after GC invocations=47 (full 0):
 garbage-first heap   total 256000K, used 101235K [0x0000000700000000, 0x0000000800000000)
  region size 2048K, 7 young (14336K), 7 survivors (14336K)
 Metaspace       used 99388K, committed 100160K, reserved 1138688K
  class space    used 13760K, committed 14080K, reserved 1048576K
}

